\BOOKMARK [1][-]{section.1}{Master Thesis Objectives}{}% 1
\BOOKMARK [2][-]{subsection.1.1}{Proposal}{section.1}% 2
\BOOKMARK [2][-]{subsection.1.2}{Concept}{section.1}% 3
\BOOKMARK [2][-]{subsection.1.3}{Project Requirements}{section.1}% 4
\BOOKMARK [3][-]{subsubsection.1.3.1}{Constraints}{subsection.1.3}% 5
\BOOKMARK [3][-]{subsubsection.1.3.2}{Design focus}{subsection.1.3}% 6
\BOOKMARK [1][-]{section.2}{Research and Methodology}{}% 7
\BOOKMARK [2][-]{subsection.2.1}{Java Enterprise Landscape}{section.2}% 8
\BOOKMARK [2][-]{subsection.2.2}{Case study summary}{section.2}% 9
\BOOKMARK [2][-]{subsection.2.3}{Comparison of technologies}{section.2}% 10
\BOOKMARK [3][-]{subsubsection.2.3.1}{IDE's and build tools}{subsection.2.3}% 11
\BOOKMARK [3][-]{subsubsection.2.3.2}{General framework}{subsection.2.3}% 12
\BOOKMARK [3][-]{subsubsection.2.3.3}{Persistence providers}{subsection.2.3}% 13
\BOOKMARK [3][-]{subsubsection.2.3.4}{Object relational mapping tools}{subsection.2.3}% 14
\BOOKMARK [3][-]{subsubsection.2.3.5}{Security systems}{subsection.2.3}% 15
\BOOKMARK [3][-]{subsubsection.2.3.6}{Front-end and Styling frameworks}{subsection.2.3}% 16
\BOOKMARK [3][-]{subsubsection.2.3.7}{Application architecture and micro-services}{subsection.2.3}% 17
\BOOKMARK [1][-]{section.3}{Case study: Online cash register}{}% 18
\BOOKMARK [2][-]{subsection.3.1}{Introduction}{section.3}% 19
\BOOKMARK [2][-]{subsection.3.2}{Existing systems}{section.3}% 20
\BOOKMARK [2][-]{subsection.3.3}{Use Cases}{section.3}% 21
\BOOKMARK [2][-]{subsection.3.4}{Must-haves and nice-to haves}{section.3}% 22
\BOOKMARK [2][-]{subsection.3.5}{Design Choices}{section.3}% 23
\BOOKMARK [3][-]{subsubsection.3.5.1}{Client}{subsection.3.5}% 24
\BOOKMARK [3][-]{subsubsection.3.5.2}{Employee}{subsection.3.5}% 25
\BOOKMARK [3][-]{subsubsection.3.5.3}{Manager}{subsection.3.5}% 26
\BOOKMARK [1][-]{section.4}{Application Implementation}{}% 27
\BOOKMARK [2][-]{subsection.4.1}{Development Process}{section.4}% 28
\BOOKMARK [3][-]{subsubsection.4.1.1}{Monolithic Application \046 Services}{subsection.4.1}% 29
\BOOKMARK [3][-]{subsubsection.4.1.2}{REST \046 Micro-services}{subsection.4.1}% 30
\BOOKMARK [3][-]{subsubsection.4.1.3}{API Gateway \046 Discovery}{subsection.4.1}% 31
\BOOKMARK [1][-]{section.5}{Conclusion}{}% 32
\BOOKMARK [2][-]{subsection.5.1}{Results}{section.5}% 33
\BOOKMARK [3][-]{subsubsection.5.1.1}{Final Prototype}{subsection.5.1}% 34
\BOOKMARK [3][-]{subsubsection.5.1.2}{Possible Improvements}{subsection.5.1}% 35
\BOOKMARK [2][-]{subsection.5.2}{Closing Statements}{section.5}% 36
\BOOKMARK [1][-]{section.6}{References}{}% 37
\BOOKMARK [1][-]{section.7}{Appendix}{}% 38
\BOOKMARK [2][-]{subsection.7.1}{List of technologies used}{section.7}% 39
\BOOKMARK [2][-]{subsection.7.2}{Problems and their solutions}{section.7}% 40
